2026-02-11 21:37:32,679 - INFO - ===== Obsidian 英语生词拆分工具（终极极简版） =====
2026-02-11 21:37:44,033 - INFO - ✅ 已创建：E:\code-memory\英语生词\Web安全\HTTP-protocol.md
2026-02-11 21:37:44,074 - INFO - ✅ 已更新 MOC：E:\code-memory\英语生词\--MOC\Web安全-MOC.md
2026-02-11 21:37:44,077 - INFO - ✅ 已创建：E:\code-memory\英语生词\Web安全\HyperText-Transfer-Protocol.md
2026-02-11 21:37:44,080 - INFO - ✅ 已更新 MOC：E:\code-memory\英语生词\--MOC\Web安全-MOC.md
2026-02-11 21:37:44,082 - INFO - ✅ 已创建：E:\code-memory\英语生词\Web安全\transmitting-of-web-page-data.md
2026-02-11 21:37:44,085 - INFO - ✅ 已更新 MOC：E:\code-memory\英语生词\--MOC\Web安全-MOC.md
2026-02-11 21:37:44,088 - INFO - ✅ 已创建：E:\code-memory\英语生词\Web安全\encrypted.md
2026-02-11 21:37:44,092 - INFO - ✅ 已更新 MOC：E:\code-memory\英语生词\--MOC\Web安全-MOC.md
2026-02-11 21:37:44,095 - INFO - ✅ 已创建：E:\code-memory\英语生词\通用技术\insurances.md
2026-02-11 21:37:44,098 - INFO - ✅ 已更新 MOC：E:\code-memory\英语生词\--MOC\通用技术-MOC.md
2026-02-11 21:37:44,101 - INFO - ✅ 已创建：E:\code-memory\英语生词\Web安全\something-impersonating.md
2026-02-11 21:37:44,103 - INFO - ✅ 已更新 MOC：E:\code-memory\英语生词\--MOC\Web安全-MOC.md
2026-02-11 21:37:44,106 - INFO - ✅ 已创建：E:\code-memory\英语生词\Web安全\a-signature-field.md
2026-02-11 21:37:44,108 - INFO - ✅ 已更新 MOC：E:\code-memory\英语生词\--MOC\Web安全-MOC.md
2026-02-11 21:37:44,110 - INFO - ✅ 已创建：E:\code-memory\英语生词\Web安全\the-flying-invalid-http-cert.md
2026-02-11 21:37:44,111 - INFO - ✅ 已更新 MOC：E:\code-memory\英语生词\--MOC\Web安全-MOC.md
2026-02-11 21:37:44,115 - INFO - ✅ 已创建：E:\code-memory\英语生词\通用技术\the-assets.md
2026-02-11 21:37:44,117 - INFO - ✅ 已更新 MOC：E:\code-memory\英语生词\--MOC\通用技术-MOC.md
2026-02-11 21:37:44,118 - INFO - ✅ 已创建：E:\code-memory\英语生词\Web安全\short-for-Uniform-Resource-Locator.md
2026-02-11 21:37:44,120 - INFO - ✅ 已更新 MOC：E:\code-memory\英语生词\--MOC\Web安全-MOC.md
2026-02-11 21:37:44,121 - INFO - ✅ 已创建：E:\code-memory\英语生词\通用技术\predominantly.md
2026-02-11 21:37:44,122 - INFO - ✅ 已更新 MOC：E:\code-memory\英语生词\--MOC\通用技术-MOC.md
2026-02-11 21:37:44,124 - INFO - ✅ 已创建：E:\code-memory\英语生词\通用技术\this-instructs-on.md
2026-02-11 21:37:44,126 - INFO - ✅ 已更新 MOC：E:\code-memory\英语生词\--MOC\通用技术-MOC.md
2026-02-11 21:37:44,128 - INFO - ✅ 已创建：E:\code-memory\英语生词\通用技术\and-so-on-and-so-forth.md
2026-02-11 21:37:44,128 - WARNING - ⚠️ 单词/短语and so on and so forth的 MOC 已存在链接，跳过更新词条：and so on and so forth - 等等 - A
2026-02-11 21:37:44,132 - INFO - ✅ 已创建：E:\code-memory\英语生词\通用技术\separated-by-colon.md
2026-02-11 21:37:44,134 - INFO - ✅ 已更新 MOC：E:\code-memory\英语生词\--MOC\通用技术-MOC.md
2026-02-11 21:37:44,137 - INFO - ✅ 已创建：E:\code-memory\英语生词\Web安全\authentication-login.md
2026-02-11 21:37:44,138 - INFO - ✅ 已更新 MOC：E:\code-memory\英语生词\--MOC\Web安全-MOC.md
2026-02-11 21:37:44,139 - INFO - ✅ 已创建：E:\code-memory\英语生词\通用技术\forward-slash.md
2026-02-11 21:37:44,140 - INFO - ✅ 已更新 MOC：E:\code-memory\英语生词\--MOC\通用技术-MOC.md
2026-02-11 21:37:44,141 - INFO - ✅ 已创建：E:\code-memory\英语生词\Web安全\the-fragment.md
2026-02-11 21:37:44,143 - INFO - ✅ 已更新 MOC：E:\code-memory\英语生词\--MOC\Web安全-MOC.md
2026-02-11 21:37:44,148 - INFO - ✅ 已创建：E:\code-memory\英语生词\通用技术\a-couple-of.md
2026-02-11 21:37:44,150 - INFO - ✅ 已更新 MOC：E:\code-memory\英语生词\--MOC\通用技术-MOC.md
2026-02-11 21:37:44,151 - INFO - ✅ 已创建：E:\code-memory\英语生词\通用技术\pretty-straightforward.md
2026-02-11 21:37:44,153 - INFO - ✅ 已更新 MOC：E:\code-memory\英语生词\--MOC\通用技术-MOC.md
2026-02-11 21:37:44,154 - INFO - ✅ 已创建：E:\code-memory\英语生词\通用技术\referred-us-to-this-one.md
2026-02-11 21:37:44,155 - INFO - ✅ 已更新 MOC：E:\code-memory\英语生词\--MOC\通用技术-MOC.md
2026-02-11 21:37:44,157 - INFO - ✅ 已创建：E:\code-memory\英语生词\通用技术\an-implied-blank-line.md
2026-02-11 21:37:44,160 - INFO - ✅ 已更新 MOC：E:\code-memory\英语生词\--MOC\通用技术-MOC.md
2026-02-11 21:37:44,162 - INFO - ✅ 已创建：E:\code-memory\英语生词\通用技术\enclosed.md
2026-02-11 21:37:44,163 - INFO - ✅ 已更新 MOC：E:\code-memory\英语生词\--MOC\通用技术-MOC.md
2026-02-11 21:37:44,164 - INFO - ✅ 已创建：E:\code-memory\英语生词\通用技术\one's-intended-action.md
2026-02-11 21:37:44,165 - INFO - ✅ 已更新 MOC：E:\code-memory\英语生词\--MOC\通用技术-MOC.md
2026-02-11 21:37:44,166 - INFO - ✅ 已创建：E:\code-memory\英语生词\通用技术\be-situational.md
2026-02-11 21:37:44,167 - INFO - ✅ 已更新 MOC：E:\code-memory\英语生词\--MOC\通用技术-MOC.md
2026-02-11 21:37:44,168 - INFO - ✅ 已创建：E:\code-memory\英语生词\通用技术\go-over-an-overview.md
2026-02-11 21:37:44,169 - INFO - ✅ 已更新 MOC：E:\code-memory\英语生词\--MOC\通用技术-MOC.md
2026-02-11 21:37:44,170 - INFO - ✅ 已创建：E:\code-memory\英语生词\Web安全\be-redirection.md
2026-02-11 21:37:44,171 - INFO - ✅ 已更新 MOC：E:\code-memory\英语生词\--MOC\Web安全-MOC.md
2026-02-11 21:37:44,172 - INFO - ✅ 已创建：E:\code-memory\英语生词\Web安全\malformed.md
2026-02-11 21:37:44,173 - INFO - ✅ 已更新 MOC：E:\code-memory\英语生词\--MOC\Web安全-MOC.md
2026-02-11 21:37:44,174 - INFO - ✅ 已创建：E:\code-memory\英语生词\Web安全\a-permanent-redirect.md
2026-02-11 21:37:44,174 - INFO - ✅ 已更新 MOC：E:\code-memory\英语生词\--MOC\Web安全-MOC.md
2026-02-11 21:37:44,175 - INFO - ✅ 已创建：E:\code-memory\英语生词\Web安全\get-into-the-actual-malformed.md
2026-02-11 21:37:44,176 - INFO - ✅ 已更新 MOC：E:\code-memory\英语生词\--MOC\Web安全-MOC.md
2026-02-11 21:37:44,177 - INFO - ✅ 已创建：E:\code-memory\英语生词\Web安全\parameter.md
2026-02-11 21:37:44,178 - INFO - ✅ 已更新 MOC：E:\code-memory\英语生词\--MOC\Web安全-MOC.md
2026-02-11 21:37:44,179 - INFO - ✅ 已创建：E:\code-memory\英语生词\Web安全\the-id-equals-one.md
2026-02-11 21:37:44,180 - INFO - ✅ 已更新 MOC：E:\code-memory\英语生词\--MOC\Web安全-MOC.md
2026-02-11 21:37:44,181 - INFO - ✅ 已创建：E:\code-memory\英语生词\Web安全\authorized.md
2026-02-11 21:37:44,182 - INFO - ✅ 已更新 MOC：E:\code-memory\英语生词\--MOC\Web安全-MOC.md
2026-02-11 21:37:44,183 - INFO - ✅ 已创建：E:\code-memory\英语生词\Web安全\400-category.md
2026-02-11 21:37:44,183 - INFO - ✅ 已更新 MOC：E:\code-memory\英语生词\--MOC\Web安全-MOC.md
2026-02-11 21:37:44,184 - INFO - ✅ 已创建：E:\code-memory\英语生词\Web安全\the-page-slash-resource.md
2026-02-11 21:37:44,185 - INFO - ✅ 已更新 MOC：E:\code-memory\英语生词\--MOC\Web安全-MOC.md
2026-02-11 21:37:44,186 - INFO - ✅ 已创建：E:\code-memory\英语生词\通用技术\be-indicative-of-a-deeper-problem.md
2026-02-11 21:37:44,187 - INFO - ✅ 已更新 MOC：E:\code-memory\英语生词\--MOC\通用技术-MOC.md
2026-02-11 21:37:44,188 - INFO - ✅ 已创建：E:\code-memory\英语生词\通用技术\overloaded.md
2026-02-11 21:37:44,189 - INFO - ✅ 已更新 MOC：E:\code-memory\英语生词\--MOC\通用技术-MOC.md
2026-02-11 21:37:44,190 - INFO - ✅ 已创建：E:\code-memory\英语生词\通用技术\down-for-maintenance.md
2026-02-11 21:37:44,191 - INFO - ✅ 已更新 MOC：E:\code-memory\英语生词\--MOC\通用技术-MOC.md
2026-02-11 21:37:44,192 - INFO - ✅ 已创建：E:\code-memory\英语生词\通用技术\memorizing.md
2026-02-11 21:37:44,193 - INFO - ✅ 已更新 MOC：E:\code-memory\英语生词\--MOC\通用技术-MOC.md
2026-02-11 21:37:44,194 - INFO - ✅ 已创建：E:\code-memory\英语生词\通用技术\the-application-crashes.md
2026-02-11 21:37:44,195 - INFO - ✅ 已更新 MOC：E:\code-memory\英语生词\--MOC\通用技术-MOC.md
2026-02-11 21:37:44,195 - INFO - ✅ 已创建：E:\code-memory\英语生词\通用技术\strictly.md
2026-02-11 21:37:44,196 - INFO - ✅ 已更新 MOC：E:\code-memory\英语生词\--MOC\通用技术-MOC.md
2026-02-11 21:37:44,197 - INFO - ✅ 已创建：E:\code-memory\英语生词\通用技术\talk-about-this-a-little-bit-more-later.md
2026-02-11 21:37:44,198 - INFO - ✅ 已更新 MOC：E:\code-memory\英语生词\--MOC\通用技术-MOC.md
2026-02-11 21:37:44,199 - INFO - ✅ 已创建：E:\code-memory\英语生词\Web安全\your-hall-pass-or-your-authentication-card.md
2026-02-11 21:37:44,200 - INFO - ✅ 已更新 MOC：E:\code-memory\英语生词\--MOC\Web安全-MOC.md
2026-02-11 21:37:44,201 - INFO - ✅ 已创建：E:\code-memory\英语生词\Web安全\valid.md
2026-02-11 21:37:44,202 - INFO - ✅ 已更新 MOC：E:\code-memory\英语生词\--MOC\Web安全-MOC.md
2026-02-11 21:37:44,202 - INFO - ✅ 已创建：E:\code-memory\英语生词\通用技术\save-on-bandwidth.md
2026-02-11 21:37:44,204 - INFO - ✅ 已更新 MOC：E:\code-memory\英语生词\--MOC\通用技术-MOC.md
2026-02-11 21:37:44,204 - INFO - ✅ 已创建：E:\code-memory\英语生词\通用技术\not-a-big-deal-at-this-point.md
2026-02-11 21:37:44,205 - INFO - ✅ 已更新 MOC：E:\code-memory\英语生词\--MOC\通用技术-MOC.md
2026-02-11 21:37:44,206 - INFO - ✅ 已创建：E:\code-memory\英语生词\通用技术\a-bunch-of.md
2026-02-11 21:37:44,207 - INFO - ✅ 已更新 MOC：E:\code-memory\英语生词\--MOC\通用技术-MOC.md
2026-02-11 21:37:44,208 - INFO - ✅ 已创建：E:\code-memory\英语生词\通用技术\ironically.md
2026-02-11 21:37:44,209 - INFO - ✅ 已更新 MOC：E:\code-memory\英语生词\--MOC\通用技术-MOC.md
2026-02-11 21:37:44,210 - INFO - ✅ 已创建：E:\code-memory\英语生词\通用技术\this-is-a-little-bit-finer-grain-detail.md
2026-02-11 21:37:44,210 - INFO - ✅ 已更新 MOC：E:\code-memory\英语生词\--MOC\通用技术-MOC.md
2026-02-11 21:37:44,211 - INFO - ✅ 已创建：E:\code-memory\英语生词\Web安全\the-finer-ins-and-outs-of-cookies.md
2026-02-11 21:37:44,212 - INFO - ✅ 已更新 MOC：E:\code-memory\英语生词\--MOC\Web安全-MOC.md
2026-02-11 21:37:44,212 - INFO - ✅ 已创建：E:\code-memory\英语生词\通用技术\but-generally-speaking.md
2026-02-11 21:37:44,213 - INFO - ✅ 已更新 MOC：E:\code-memory\英语生词\--MOC\通用技术-MOC.md
2026-02-11 21:37:44,214 - INFO - ✅ 已创建：E:\code-memory\英语生词\Web安全\stateless.md
2026-02-11 21:37:44,215 - INFO - ✅ 已更新 MOC：E:\code-memory\英语生词\--MOC\Web安全-MOC.md
2026-02-11 21:37:44,215 - INFO - ✅ 已创建：E:\code-memory\英语生词\Web安全\keep-track-of-your-previous-requests.md
2026-02-11 21:37:44,216 - INFO - ✅ 已更新 MOC：E:\code-memory\英语生词\--MOC\Web安全-MOC.md
2026-02-11 21:37:44,217 - INFO - ✅ 已创建：E:\code-memory\英语生词\Web安全\website-authentication.md
2026-02-11 21:37:44,219 - INFO - ✅ 已更新 MOC：E:\code-memory\英语生词\--MOC\Web安全-MOC.md
2026-02-11 21:37:44,220 - INFO - ✅ 已创建：E:\code-memory\英语生词\Web安全\a-unique-secret-code.md
2026-02-11 21:37:44,221 - INFO - ✅ 已更新 MOC：E:\code-memory\英语生词\--MOC\Web安全-MOC.md
2026-02-11 21:37:44,221 - INFO - ✅ 已创建：E:\code-memory\英语生词\Web安全\guessable.md
2026-02-11 21:37:44,222 - INFO - ✅ 已更新 MOC：E:\code-memory\英语生词\--MOC\Web安全-MOC.md
2026-02-11 21:37:44,223 - INFO - ✅ 已创建：E:\code-memory\英语生词\通用技术\even-then.md
2026-02-11 21:37:44,224 - INFO - ✅ 已更新 MOC：E:\code-memory\英语生词\--MOC\通用技术-MOC.md
2026-02-11 21:37:44,225 - INFO - ✅ 已创建：E:\code-memory\英语生词\通用技术\digress-on.md
2026-02-11 21:37:44,226 - INFO - ✅ 已更新 MOC：E:\code-memory\英语生词\--MOC\通用技术-MOC.md
2026-02-11 21:37:44,227 - INFO - ✅ 已创建：E:\code-memory\英语生词\通用技术\a-detailed-breakdown-of.md
2026-02-11 21:37:44,228 - INFO - ✅ 已更新 MOC：E:\code-memory\英语生词\--MOC\通用技术-MOC.md
2026-02-11 21:37:44,228 - INFO - ✅ 已创建：E:\code-memory\英语生词\通用技术\copy-it-and-paste-it-here.md
2026-02-11 21:37:44,230 - INFO - ✅ 已更新 MOC：E:\code-memory\英语生词\--MOC\通用技术-MOC.md
2026-02-11 21:37:44,231 - INFO - ✅ 已创建：E:\code-memory\英语生词\通用技术\rendered-down-here-below.md
2026-02-11 21:37:44,232 - INFO - ✅ 已更新 MOC：E:\code-memory\英语生词\--MOC\通用技术-MOC.md
2026-02-11 21:37:44,233 - INFO - ✅ 已创建：E:\code-memory\英语生词\Web安全\happy-hacking.md
2026-02-11 21:37:44,234 - INFO - ✅ 已更新 MOC：E:\code-memory\英语生词\--MOC\Web安全-MOC.md
2026-02-11 21:37:44,235 - INFO - ✅ 已创建：E:\code-memory\英语生词\Web安全\the-mock-webpage.md
2026-02-11 21:37:44,235 - INFO - ✅ 已更新 MOC：E:\code-memory\英语生词\--MOC\Web安全-MOC.md
2026-02-11 21:37:44,236 - INFO - ✅ 已创建：E:\code-memory\英语生词\通用技术\the-gear-button.md
2026-02-11 21:37:44,237 - INFO - ✅ 已更新 MOC：E:\code-memory\英语生词\--MOC\通用技术-MOC.md
2026-02-11 21:37:44,238 - INFO - 
🎉 处理完成！共创建 63 个原子笔记（总计 63 行数据）
2026-02-11 21:37:44,238 - INFO - ✅ 同时更新 62 个 MOC 文件
2026-02-11 21:37:44,239 - INFO - ✅ 已将原文件移动到已归档：E:\code-memory\英语生词\99Inbox-已归档\2026.2.11：HTTP in Detail.md
2026-02-12 14:28:26,799 - INFO - ===== Obsidian 英语生词拆分工具（终极极简版） =====
2026-02-12 14:28:36,244 - INFO - ✅ 已创建：E:\code-memory\英语生词\通用技术\diagram.md
2026-02-12 14:28:36,246 - INFO - ✅ 已更新 MOC：E:\code-memory\英语生词\--MOC\通用技术-MOC.md
2026-02-12 14:28:36,247 - INFO - ✅ 已创建：E:\code-memory\英语生词\通用技术\interpret-that-and-render-the-web-page.md
2026-02-12 14:28:36,248 - INFO - ✅ 已更新 MOC：E:\code-memory\英语生词\--MOC\通用技术-MOC.md
2026-02-12 14:28:36,249 - INFO - ✅ 已创建：E:\code-memory\英语生词\通用技术\two-major-components-that-make-up-a-website.md
2026-02-12 14:28:36,250 - INFO - ✅ 已更新 MOC：E:\code-memory\英语生词\--MOC\通用技术-MOC.md
2026-02-12 14:28:36,251 - INFO - ✅ 已创建：E:\code-memory\英语生词\通用技术\process-your-request.md
2026-02-12 14:28:36,251 - INFO - ✅ 已更新 MOC：E:\code-memory\英语生词\--MOC\通用技术-MOC.md
2026-02-12 14:28:36,252 - INFO - ✅ 已创建：E:\code-memory\英语生词\Linux系统\process.md
2026-02-12 14:28:36,254 - INFO - ✅ 已更新 MOC：E:\code-memory\英语生词\--MOC\Linux系统-MOC.md
2026-02-12 14:28:36,255 - INFO - ✅ 已创建：E:\code-memory\英语生词\通用技术\a-little-bit-of-a-back-and-forth-pattern.md
2026-02-12 14:28:36,256 - INFO - ✅ 已更新 MOC：E:\code-memory\英语生词\--MOC\通用技术-MOC.md
2026-02-12 14:28:36,257 - INFO - ✅ 已创建：E:\code-memory\英语生词\通用技术\term.md
2026-02-12 14:28:36,258 - INFO - ✅ 已更新 MOC：E:\code-memory\英语生词\--MOC\通用技术-MOC.md
2026-02-12 14:28:36,259 - INFO - ✅ 已创建：E:\code-memory\英语生词\通用技术\front-end.md
2026-02-12 14:28:36,260 - INFO - ✅ 已更新 MOC：E:\code-memory\英语生词\--MOC\通用技术-MOC.md
2026-02-12 14:28:36,261 - INFO - ✅ 已创建：E:\code-memory\英语生词\通用技术\snippet.md
2026-02-12 14:28:36,262 - INFO - ✅ 已更新 MOC：E:\code-memory\英语生词\--MOC\通用技术-MOC.md
2026-02-12 14:28:36,264 - INFO - ✅ 已创建：E:\code-memory\英语生词\通用技术\in-the-screenshot.md
2026-02-12 14:28:36,265 - INFO - ✅ 已更新 MOC：E:\code-memory\英语生词\--MOC\通用技术-MOC.md
2026-02-12 14:28:36,266 - INFO - ✅ 已创建：E:\code-memory\英语生词\通用技术\standardization.md
2026-02-12 14:28:36,267 - INFO - ✅ 已更新 MOC：E:\code-memory\英语生词\--MOC\通用技术-MOC.md
2026-02-12 14:28:36,268 - INFO - ✅ 已创建：E:\code-memory\英语生词\通用技术\a-bunch-of.md
2026-02-12 14:28:36,268 - WARNING - ⚠️ 单词/短语a bunch of的 MOC 已存在链接，跳过更新词条：a bunch of - 大量；许多 - A
2026-02-12 14:28:36,269 - INFO - ✅ 已创建：E:\code-memory\英语生词\通用技术\attribute.md
2026-02-12 14:28:36,270 - INFO - ✅ 已更新 MOC：E:\code-memory\英语生词\--MOC\通用技术-MOC.md
2026-02-12 14:28:36,271 - INFO - ✅ 已创建：E:\code-memory\英语生词\通用技术\navigate-this-document.md
2026-02-12 14:28:36,272 - INFO - ✅ 已更新 MOC：E:\code-memory\英语生词\--MOC\通用技术-MOC.md
2026-02-12 14:28:36,273 - INFO - ✅ 已创建：E:\code-memory\英语生词\通用技术\scroll-up.md
2026-02-12 14:28:36,273 - INFO - ✅ 已更新 MOC：E:\code-memory\英语生词\--MOC\通用技术-MOC.md
2026-02-12 14:28:36,274 - INFO - ✅ 已创建：E:\code-memory\英语生词\通用技术\semicolon.md
2026-02-12 14:28:36,275 - INFO - ✅ 已更新 MOC：E:\code-memory\英语生词\--MOC\通用技术-MOC.md
2026-02-12 14:28:36,276 - INFO - ✅ 已创建：E:\code-memory\英语生词\Web安全\sensitive-data-exposure.md
2026-02-12 14:28:36,278 - INFO - ✅ 已更新 MOC：E:\code-memory\英语生词\--MOC\Web安全-MOC.md
2026-02-12 14:28:36,279 - INFO - ✅ 已创建：E:\code-memory\英语生词\Web安全\be-leveraged-to-further.md
2026-02-12 14:28:36,280 - INFO - ✅ 已更新 MOC：E:\code-memory\英语生词\--MOC\Web安全-MOC.md
2026-02-12 14:28:36,280 - INFO - ✅ 已创建：E:\code-memory\英语生词\Web安全\temporary-login-credentials.md
2026-02-12 14:28:36,281 - INFO - ✅ 已更新 MOC：E:\code-memory\英语生词\--MOC\Web安全-MOC.md
2026-02-12 14:28:36,282 - INFO - ✅ 已创建：E:\code-memory\英语生词\Web安全\sanitize-user-input.md
2026-02-12 14:28:36,283 - INFO - ✅ 已更新 MOC：E:\code-memory\英语生词\--MOC\Web安全-MOC.md
2026-02-12 14:28:36,283 - INFO - ✅ 已创建：E:\code-memory\英语生词\Web安全\filter-any-malicious-text.md
2026-02-12 14:28:36,284 - INFO - ✅ 已更新 MOC：E:\code-memory\英语生词\--MOC\Web安全-MOC.md
2026-02-12 14:28:36,286 - INFO - ✅ 已创建：E:\code-memory\英语生词\通用技术\query.md
2026-02-12 14:28:36,286 - INFO - ✅ 已更新 MOC：E:\code-memory\英语生词\--MOC\通用技术-MOC.md
2026-02-12 14:28:36,287 - INFO - 
🎉 处理完成！共创建 22 个原子笔记（总计 22 行数据）
2026-02-12 14:28:36,287 - INFO - ✅ 同时更新 21 个 MOC 文件
2026-02-12 14:28:36,289 - INFO - ✅ 已将原文件移动到已归档：E:\code-memory\英语生词\99Inbox-已归档\2026.2.12：How Websites Work.md
