2025-12-29 19:39:23,998 - AsyncM3U8Downloader - WARNING - 配置文件async_download_config.json不存在，使用默认配置
2025-12-29 19:40:07,247 - AsyncM3U8Downloader - INFO - 异步下载启动：https://kv-h-ph.ypncdn.com/hls/videos/202206/01/409120551/221002_1934_720P_4000K_409120551.mp4/index-v1-a1.m3u8?hdnea=st=1767008178~exp=1767011778~hdl=-1~hmac=ac680b1e0a21dc5f1f772af9e1077cbb0f76dda6，标题：doggystyle in the open air Beautiful woman's big tits bouncing Japanese Amateur Hentai Sex
2025-12-29 19:40:08,000 - AsyncM3U8Downloader - INFO - M3U8解析完成：共306个分片
2025-12-29 19:40:08,001 - AsyncM3U8Downloader - INFO - 异步下载开始：共16批，每批20分片，并发10
2025-12-29 19:40:11,271 - AsyncM3U8Downloader - ERROR - 分片2下载失败：Session is closed
2025-12-29 19:40:11,271 - AsyncM3U8Downloader - ERROR - 分片1下载失败：Session is closed
2025-12-29 19:40:11,379 - AsyncM3U8Downloader - ERROR - 分片9下载失败：Session is closed
2025-12-29 19:40:11,395 - AsyncM3U8Downloader - ERROR - 分片0下载失败：Session is closed
2025-12-29 19:40:11,425 - AsyncM3U8Downloader - ERROR - 分片3下载失败：Session is closed
2025-12-29 19:40:11,425 - AsyncM3U8Downloader - ERROR - 分片4下载失败：Session is closed
2025-12-29 19:40:11,425 - AsyncM3U8Downloader - ERROR - 分片8下载失败：Session is closed
2025-12-29 19:40:11,425 - AsyncM3U8Downloader - ERROR - 分片5下载失败：Session is closed
2025-12-29 19:40:11,471 - AsyncM3U8Downloader - ERROR - 分片7下载失败：Session is closed
2025-12-29 19:40:11,501 - AsyncM3U8Downloader - ERROR - 分片6下载失败：Session is closed
2025-12-29 19:40:14,656 - AsyncM3U8Downloader - ERROR - 分片10下载失败：Session is closed
2025-12-29 19:40:14,702 - AsyncM3U8Downloader - ERROR - 分片11下载失败：Session is closed
2025-12-29 19:40:14,717 - AsyncM3U8Downloader - ERROR - 分片13下载失败：Session is closed
2025-12-29 19:40:14,749 - AsyncM3U8Downloader - ERROR - 分片16下载失败：Session is closed
2025-12-29 19:40:14,764 - AsyncM3U8Downloader - ERROR - 分片15下载失败：Session is closed
2025-12-29 19:40:14,811 - AsyncM3U8Downloader - ERROR - 分片12下载失败：Session is closed
2025-12-29 19:40:14,841 - AsyncM3U8Downloader - ERROR - 分片18下载失败：Session is closed
2025-12-29 19:40:14,873 - AsyncM3U8Downloader - ERROR - 分片17下载失败：Session is closed
2025-12-29 19:40:14,873 - AsyncM3U8Downloader - ERROR - 分片14下载失败：Session is closed
2025-12-29 19:40:14,951 - AsyncM3U8Downloader - ERROR - 分片19下载失败：Session is closed
2025-12-29 19:40:14,951 - AsyncM3U8Downloader - INFO - 第1/16批完成：成功0/20个分片
2025-12-29 19:40:14,951 - AsyncM3U8Downloader - INFO - 批次间隔，暂停8.0秒...
2025-12-29 19:40:58,998 - AsyncM3U8Downloader - WARNING - 配置文件async_download_config.json不存在，使用默认配置
2025-12-29 19:41:35,264 - AsyncM3U8Downloader - INFO - 异步下载启动：https://ev-h-ph.ypncdn.com/hls/videos/202206/01/409120551/221002_1934_720P_4000K_409120551.mp4/index-v1-a1.m3u8?validfrom=1767004837&validto=1767012037&hdl=-1&hash=%2BO2W%2F3nug0gjGXBZs2vLYMsLCHw%3D，标题：doggystyle in the open air Beautiful woman's big tits bouncing Japanese Amateur Hentai Sex
2025-12-29 19:41:35,264 - AsyncM3U8Downloader - INFO - 断点续传：已下载0个分片
2025-12-29 19:41:36,563 - AsyncM3U8Downloader - INFO - M3U8解析完成：共306个分片
2025-12-29 19:41:36,563 - AsyncM3U8Downloader - INFO - 异步下载开始：共16批，每批20分片，并发10
2025-12-29 19:41:39,902 - AsyncM3U8Downloader - ERROR - 分片3下载失败：Session is closed
2025-12-29 19:41:39,919 - AsyncM3U8Downloader - ERROR - 分片8下载失败：Session is closed
2025-12-29 19:41:39,933 - AsyncM3U8Downloader - ERROR - 分片7下载失败：Session is closed
2025-12-29 19:41:39,933 - AsyncM3U8Downloader - ERROR - 分片4下载失败：Session is closed
2025-12-29 19:41:39,980 - AsyncM3U8Downloader - ERROR - 分片5下载失败：Session is closed
2025-12-29 19:41:39,981 - AsyncM3U8Downloader - ERROR - 分片1下载失败：Session is closed
2025-12-29 19:41:39,998 - AsyncM3U8Downloader - ERROR - 分片2下载失败：Session is closed
2025-12-29 19:41:39,998 - AsyncM3U8Downloader - ERROR - 分片0下载失败：Session is closed
2025-12-29 19:41:40,004 - AsyncM3U8Downloader - ERROR - 分片9下载失败：Session is closed
2025-12-29 19:41:40,992 - AsyncM3U8Downloader - ERROR - 分片6下载失败：Session is closed
2025-12-29 19:41:43,124 - AsyncM3U8Downloader - ERROR - 分片11下载失败：Session is closed
2025-12-29 19:41:43,185 - AsyncM3U8Downloader - ERROR - 分片14下载失败：Session is closed
2025-12-29 19:41:43,200 - AsyncM3U8Downloader - ERROR - 分片16下载失败：Session is closed
2025-12-29 19:41:43,216 - AsyncM3U8Downloader - ERROR - 分片15下载失败：Session is closed
2025-12-29 19:41:43,308 - AsyncM3U8Downloader - ERROR - 分片10下载失败：Session is closed
2025-12-29 19:41:43,339 - AsyncM3U8Downloader - ERROR - 分片13下载失败：Session is closed
2025-12-29 19:41:43,371 - AsyncM3U8Downloader - ERROR - 分片17下载失败：Session is closed
2025-12-29 19:41:43,386 - AsyncM3U8Downloader - ERROR - 分片12下载失败：Session is closed
2025-12-29 19:41:43,434 - AsyncM3U8Downloader - ERROR - 分片18下载失败：Session is closed
2025-12-29 19:41:44,443 - AsyncM3U8Downloader - ERROR - 分片19下载失败：Session is closed
2025-12-29 19:41:44,443 - AsyncM3U8Downloader - INFO - 第1/16批完成：成功0/20个分片
2025-12-29 19:41:44,443 - AsyncM3U8Downloader - INFO - 批次间隔，暂停8.0秒...
2025-12-29 19:50:02,894 - AsyncM3U8Downloader - WARNING - 配置文件async_download_config.json不存在，使用默认配置
2025-12-29 19:51:10,523 - AsyncM3U8Downloader - INFO - 异步下载启动：https://ev-h-ph.ypncdn.com/hls/videos/202206/01/409120551/221002_1934_720P_4000K_409120551.mp4/index-v1-a1.m3u8?validfrom=1767005414&validto=1767012614&hdl=-1&hash=3TkeiWht0ExdnnWvC3OYkNu%2FEGY%3D，标题：doggystyle in the open air Beautiful woman's big tits bouncing Japanese Amateur Hentai Sex
2025-12-29 19:51:10,524 - AsyncM3U8Downloader - INFO - 断点续传：已下载0个分片
2025-12-29 19:51:11,764 - AsyncM3U8Downloader - INFO - M3U8解析完成：共306个分片
2025-12-29 19:51:11,764 - AsyncM3U8Downloader - INFO - 异步下载开始：共16批，每批20分片，并发10
2025-12-29 19:51:14,912 - AsyncM3U8Downloader - ERROR - 分片3下载失败：Session is closed
2025-12-29 19:51:14,912 - AsyncM3U8Downloader - ERROR - 分片4下载失败：Session is closed
2025-12-29 19:51:14,928 - AsyncM3U8Downloader - ERROR - 分片5下载失败：Session is closed
2025-12-29 19:51:14,959 - AsyncM3U8Downloader - ERROR - 分片8下载失败：Session is closed
2025-12-29 19:51:15,680 - AsyncM3U8Downloader - ERROR - 分片10下载失败：Session is closed
2025-12-29 19:51:15,852 - AsyncM3U8Downloader - ERROR - 分片15下载失败：Session is closed
2025-12-29 19:51:16,612 - AsyncM3U8Downloader - ERROR - 分片16下载失败：Session is closed
2025-12-29 19:51:16,690 - AsyncM3U8Downloader - ERROR - 分片18下载失败：Session is closed
2025-12-29 19:51:16,691 - AsyncM3U8Downloader - INFO - 第1/16批完成：成功12/20个分片
2025-12-29 19:51:16,691 - AsyncM3U8Downloader - INFO - 批次间隔，暂停8.0秒...
2025-12-29 19:51:27,936 - AsyncM3U8Downloader - ERROR - 分片29下载失败：Session is closed
2025-12-29 19:51:27,984 - AsyncM3U8Downloader - ERROR - 分片22下载失败：Session is closed
2025-12-29 19:51:27,984 - AsyncM3U8Downloader - ERROR - 分片27下载失败：Session is closed
2025-12-29 19:51:28,773 - AsyncM3U8Downloader - ERROR - 分片33下载失败：Session is closed
2025-12-29 19:51:28,837 - AsyncM3U8Downloader - ERROR - 分片34下载失败：Session is closed
2025-12-29 19:51:28,837 - AsyncM3U8Downloader - INFO - 第2/16批完成：成功15/20个分片
2025-12-29 19:51:28,837 - AsyncM3U8Downloader - INFO - 批次间隔，暂停8.0秒...
2025-12-29 19:51:41,129 - AsyncM3U8Downloader - ERROR - 分片59下载失败：Session is closed
2025-12-29 19:51:41,129 - AsyncM3U8Downloader - INFO - 第3/16批完成：成功19/20个分片
2025-12-29 19:51:41,129 - AsyncM3U8Downloader - INFO - 批次间隔，暂停8.0秒...
2025-12-29 19:51:52,348 - AsyncM3U8Downloader - ERROR - 分片66下载失败：Session is closed
2025-12-29 19:51:52,349 - AsyncM3U8Downloader - ERROR - 分片61下载失败：Session is closed
2025-12-29 19:52:23,977 - AsyncM3U8Downloader - ERROR - 分片74下载失败：Session is closed
2025-12-29 19:52:23,977 - AsyncM3U8Downloader - INFO - 第4/16批完成：成功17/20个分片
2025-12-29 19:52:23,977 - AsyncM3U8Downloader - INFO - 批次间隔，暂停8.0秒...
2025-12-29 19:52:36,022 - AsyncM3U8Downloader - ERROR - 分片93下载失败：Session is closed
2025-12-29 19:52:36,318 - AsyncM3U8Downloader - ERROR - 分片97下载失败：Session is closed
2025-12-29 19:52:36,706 - AsyncM3U8Downloader - ERROR - 分片99下载失败：Session is closed
2025-12-29 19:52:36,734 - AsyncM3U8Downloader - INFO - 第5/16批完成：成功17/20个分片
2025-12-29 19:52:36,734 - AsyncM3U8Downloader - INFO - 批次间隔，暂停8.0秒...
2025-12-29 19:52:47,957 - AsyncM3U8Downloader - ERROR - 分片102下载失败：Session is closed
2025-12-29 19:52:47,959 - AsyncM3U8Downloader - ERROR - 分片109下载失败：Session is closed
2025-12-29 19:52:48,760 - AsyncM3U8Downloader - ERROR - 分片111下载失败：Session is closed
2025-12-29 19:52:48,761 - AsyncM3U8Downloader - INFO - 第6/16批完成：成功17/20个分片
2025-12-29 19:52:48,761 - AsyncM3U8Downloader - INFO - 批次间隔，暂停8.0秒...
2025-12-29 19:52:59,997 - AsyncM3U8Downloader - ERROR - 分片126下载失败：Session is closed
2025-12-29 19:53:01,364 - AsyncM3U8Downloader - ERROR - 分片133下载失败：Session is closed
2025-12-29 19:53:01,442 - AsyncM3U8Downloader - INFO - 第7/16批完成：成功18/20个分片
2025-12-29 19:53:01,443 - AsyncM3U8Downloader - INFO - 批次间隔，暂停8.0秒...
2025-12-29 19:53:12,678 - AsyncM3U8Downloader - ERROR - 分片146下载失败：Session is closed
2025-12-29 19:53:12,678 - AsyncM3U8Downloader - INFO - 第8/16批完成：成功19/20个分片
2025-12-29 19:53:12,678 - AsyncM3U8Downloader - INFO - 批次间隔，暂停8.0秒...
2025-12-29 19:53:24,826 - AsyncM3U8Downloader - ERROR - 分片175下载失败：Session is closed
2025-12-29 19:53:24,827 - AsyncM3U8Downloader - INFO - 第9/16批完成：成功19/20个分片
2025-12-29 19:53:24,827 - AsyncM3U8Downloader - INFO - 批次间隔，暂停8.0秒...
2025-12-29 19:53:37,499 - AsyncM3U8Downloader - INFO - 第10/16批完成：成功20/20个分片
2025-12-29 19:53:37,499 - AsyncM3U8Downloader - INFO - 批次间隔，暂停8.0秒...
2025-12-29 19:53:48,744 - AsyncM3U8Downloader - ERROR - 分片207下载失败：Session is closed
2025-12-29 19:53:49,701 - AsyncM3U8Downloader - ERROR - 分片213下载失败：Session is closed
2025-12-29 19:53:50,072 - AsyncM3U8Downloader - ERROR - 分片216下载失败：Session is closed
2025-12-29 19:53:50,072 - AsyncM3U8Downloader - INFO - 第11/16批完成：成功17/20个分片
2025-12-29 19:53:50,072 - AsyncM3U8Downloader - INFO - 批次间隔，暂停8.0秒...
2025-12-29 19:54:02,481 - AsyncM3U8Downloader - ERROR - 分片231下载失败：Session is closed
2025-12-29 19:54:03,171 - AsyncM3U8Downloader - ERROR - 分片237下载失败：Session is closed
2025-12-29 19:54:07,827 - AsyncM3U8Downloader - INFO - 第12/16批完成：成功18/20个分片
2025-12-29 19:54:07,827 - AsyncM3U8Downloader - INFO - 批次间隔，暂停8.0秒...
2025-12-29 19:54:20,647 - AsyncM3U8Downloader - INFO - 第13/16批完成：成功20/20个分片
2025-12-29 19:54:20,648 - AsyncM3U8Downloader - INFO - 批次间隔，暂停8.0秒...
2025-12-29 19:54:31,868 - AsyncM3U8Downloader - ERROR - 分片264下载失败：Session is closed
2025-12-29 19:54:31,876 - AsyncM3U8Downloader - ERROR - 分片262下载失败：Session is closed
2025-12-29 19:54:33,784 - AsyncM3U8Downloader - INFO - 第14/16批完成：成功18/20个分片
2025-12-29 19:54:33,784 - AsyncM3U8Downloader - INFO - 批次间隔，暂停8.0秒...
2025-12-29 19:54:46,056 - AsyncM3U8Downloader - ERROR - 分片287下载失败：Session is closed
2025-12-29 19:54:47,186 - AsyncM3U8Downloader - INFO - 第15/16批完成：成功19/20个分片
2025-12-29 19:54:47,186 - AsyncM3U8Downloader - INFO - 批次间隔，暂停8.0秒...
2025-12-29 19:54:57,755 - AsyncM3U8Downloader - INFO - 第16/16批完成：成功6/6个分片
2025-12-29 19:54:57,755 - AsyncM3U8Downloader - INFO - 异步下载完成：总计成功271/306个分片
2025-12-29 19:54:57,755 - AsyncM3U8Downloader - INFO - 开始合并271个分片到：E:\python\code\大爬虫\doggystyle in the open air Beautiful woman's big tits bouncing Japanese Amateur Hentai Sex.mp4
2025-12-29 19:54:58,448 - AsyncM3U8Downloader - INFO - 合并完成：文件大小347.06MB
2025-12-29 19:54:58,448 - AsyncM3U8Downloader - INFO - 下载完成：耗时227.92秒，路径：E:\python\code\大爬虫\doggystyle in the open air Beautiful woman's big tits bouncing Japanese Amateur Hentai Sex.mp4
2025-12-29 20:20:42,281 - AsyncM3U8Downloader - WARNING - 配置文件async_download_config.json不存在，使用默认配置
2025-12-29 20:21:03,518 - AsyncM3U8Downloader - INFO - 异步下载启动：https://kv-h.phncdn.com/hls/videos/202410/12/459037261/720P_4000K_459037261.mp4/index-v1-a1.m3u8?hdnea=st=1767010819~exp=1767014419~hdl=-1~hmac=94a67316446a89cb871f5eba610db428a94405e3，标题：颤抖的白丝美腿 预览版
2025-12-29 20:21:03,711 - AsyncM3U8Downloader - ERROR - 下载失败：解析失败：Cannot connect to host kv-h.phncdn.com:443 ssl:default [None]
Traceback (most recent call last):
  File "E:\python\code\.venv\Lib\site-packages\aiohttp\connector.py", line 1432, in _start_tls_connection
    tls_transport = await self._loop.start_tls(
                    ^^^^^^^^^^^^^^^^^^^^^^^^^^^
    ...<5 lines>...
    )
    ^
  File "C:\Users\zige\AppData\Local\Programs\Python\Python313\Lib\asyncio\base_events.py", line 1348, in start_tls
    await waiter
  File "C:\Users\zige\AppData\Local\Programs\Python\Python313\Lib\asyncio\sslproto.py", line 581, in _on_handshake_complete
    raise handshake_exc
ConnectionResetError

The above exception was the direct cause of the following exception:

Traceback (most recent call last):
  File "E:\python\code\大爬虫\p站视频爬取10.py", line 167, in _parse_m3u8
    async with session.get(m3u8_url, headers=headers, proxy=proxies) as resp:
               ~~~~~~~~~~~^^^^^^^^^^^^^^^^^^^^^^^^^^^^^^^^^^^^^^^^^^
  File "E:\python\code\.venv\Lib\site-packages\aiohttp\client.py", line 1510, in __aenter__
    self._resp: _RetType = await self._coro
                           ^^^^^^^^^^^^^^^^
  File "E:\python\code\.venv\Lib\site-packages\aiohttp\client.py", line 779, in _request
    resp = await handler(req)
           ^^^^^^^^^^^^^^^^^^
  File "E:\python\code\.venv\Lib\site-packages\aiohttp\client.py", line 734, in _connect_and_send_request
    conn = await self._connector.connect(
           ^^^^^^^^^^^^^^^^^^^^^^^^^^^^^^
        req, traces=traces, timeout=real_timeout
        ^^^^^^^^^^^^^^^^^^^^^^^^^^^^^^^^^^^^^^^^
    )
    ^
  File "E:\python\code\.venv\Lib\site-packages\aiohttp\connector.py", line 642, in connect
    proto = await self._create_connection(req, traces, timeout)
            ^^^^^^^^^^^^^^^^^^^^^^^^^^^^^^^^^^^^^^^^^^^^^^^^^^^
  File "E:\python\code\.venv\Lib\site-packages\aiohttp\connector.py", line 1207, in _create_connection
    _, proto = await self._create_proxy_connection(req, traces, timeout)
               ^^^^^^^^^^^^^^^^^^^^^^^^^^^^^^^^^^^^^^^^^^^^^^^^^^^^^^^^^
  File "E:\python\code\.venv\Lib\site-packages\aiohttp\connector.py", line 1697, in _create_proxy_connection
    return await self._start_tls_connection(
           ^^^^^^^^^^^^^^^^^^^^^^^^^^^^^^^^^
    ...<5 lines>...
    )
    ^
  File "E:\python\code\.venv\Lib\site-packages\aiohttp\connector.py", line 1465, in _start_tls_connection
    raise client_error(req.connection_key, exc) from exc
aiohttp.client_exceptions.ClientConnectorError: Cannot connect to host kv-h.phncdn.com:443 ssl:default [None]

During handling of the above exception, another exception occurred:

Traceback (most recent call last):
  File "E:\python\code\大爬虫\p站视频爬取10.py", line 361, in download
    ts_list = await self._parse_m3u8(m3u8_url, proxies)
              ^^^^^^^^^^^^^^^^^^^^^^^^^^^^^^^^^^^^^^^^^
  File "E:\python\code\大爬虫\p站视频爬取10.py", line 194, in _parse_m3u8
    raise M3U8ParseError(f"解析失败：{str(e)[:100]}")
M3U8ParseError: 解析失败：Cannot connect to host kv-h.phncdn.com:443 ssl:default [None]
2025-12-29 20:22:26,289 - AsyncM3U8Downloader - WARNING - 配置文件async_download_config.json不存在，使用默认配置
2025-12-29 20:22:42,798 - AsyncM3U8Downloader - INFO - 异步下载启动：https://ev-h-ph.ypncdn.com/hls/videos/202302/09/425109431/720P_4000K_425109431.mp4/index-v1-a1.m3u8?validfrom=1767007330&validto=1767014530&hdl=-1&hash=VKzH9tdTbWxgs048X2icHDrbhSU%3D，标题：Step brother cumshot on my wet pussy close up 4K - pinkloving
2025-12-29 20:22:44,930 - AsyncM3U8Downloader - INFO - M3U8解析完成：共141个分片
2025-12-29 20:22:44,930 - AsyncM3U8Downloader - INFO - 异步下载开始：共8批，每批20分片，并发10
2025-12-29 20:22:48,900 - AsyncM3U8Downloader - ERROR - 分片16下载失败：Session is closed
2025-12-29 20:22:48,977 - AsyncM3U8Downloader - ERROR - 分片18下载失败：Session is closed
2025-12-29 20:22:48,977 - AsyncM3U8Downloader - INFO - 第1/8批完成：成功18/20个分片
2025-12-29 20:22:48,977 - AsyncM3U8Downloader - INFO - 批次间隔，暂停8.0秒...
2025-12-29 20:23:00,203 - AsyncM3U8Downloader - ERROR - 分片25下载失败：Session is closed
2025-12-29 20:23:00,249 - AsyncM3U8Downloader - ERROR - 分片27下载失败：Session is closed
2025-12-29 20:23:00,961 - AsyncM3U8Downloader - ERROR - 分片30下载失败：Session is closed
2025-12-29 20:23:01,054 - AsyncM3U8Downloader - ERROR - 分片33下载失败：Session is closed
2025-12-29 20:23:01,224 - AsyncM3U8Downloader - ERROR - 分片37下载失败：Session is closed
2025-12-29 20:23:01,224 - AsyncM3U8Downloader - INFO - 第2/8批完成：成功15/20个分片
2025-12-29 20:23:01,224 - AsyncM3U8Downloader - INFO - 批次间隔，暂停8.0秒...
2025-12-29 20:23:12,379 - AsyncM3U8Downloader - ERROR - 分片47下载失败：Session is closed
2025-12-29 20:23:12,392 - AsyncM3U8Downloader - ERROR - 分片44下载失败：Session is closed
2025-12-29 20:23:12,392 - AsyncM3U8Downloader - ERROR - 分片42下载失败：Session is closed
2025-12-29 20:23:12,442 - AsyncM3U8Downloader - ERROR - 分片46下载失败：Session is closed
2025-12-29 20:23:12,463 - AsyncM3U8Downloader - ERROR - 分片40下载失败：Session is closed
2025-12-29 20:23:13,379 - AsyncM3U8Downloader - ERROR - 分片52下载失败：Session is closed
2025-12-29 20:23:13,410 - AsyncM3U8Downloader - ERROR - 分片51下载失败：Session is closed
2025-12-29 20:23:13,473 - AsyncM3U8Downloader - ERROR - 分片54下载失败：Session is closed
2025-12-29 20:23:15,533 - AsyncM3U8Downloader - ERROR - 分片59下载失败：Session is closed
2025-12-29 20:23:15,533 - AsyncM3U8Downloader - INFO - 第3/8批完成：成功11/20个分片
2025-12-29 20:23:15,533 - AsyncM3U8Downloader - INFO - 批次间隔，暂停8.0秒...
2025-12-29 20:23:26,699 - AsyncM3U8Downloader - ERROR - 分片66下载失败：Session is closed
2025-12-29 20:23:26,745 - AsyncM3U8Downloader - ERROR - 分片69下载失败：Session is closed
2025-12-29 20:23:26,777 - AsyncM3U8Downloader - ERROR - 分片65下载失败：Session is closed
2025-12-29 20:23:27,630 - AsyncM3U8Downloader - ERROR - 分片73下载失败：Session is closed
2025-12-29 20:23:27,675 - AsyncM3U8Downloader - ERROR - 分片72下载失败：Session is closed
2025-12-29 20:23:27,675 - AsyncM3U8Downloader - INFO - 第4/8批完成：成功15/20个分片
2025-12-29 20:23:27,675 - AsyncM3U8Downloader - INFO - 批次间隔，暂停8.0秒...
2025-12-29 20:23:38,851 - AsyncM3U8Downloader - ERROR - 分片85下载失败：Session is closed
2025-12-29 20:23:38,851 - AsyncM3U8Downloader - ERROR - 分片82下载失败：Session is closed
2025-12-29 20:23:38,897 - AsyncM3U8Downloader - ERROR - 分片81下载失败：Session is closed
2025-12-29 20:23:38,913 - AsyncM3U8Downloader - ERROR - 分片87下载失败：Session is closed
2025-12-29 20:23:39,680 - AsyncM3U8Downloader - ERROR - 分片91下载失败：Session is closed
2025-12-29 20:23:40,386 - AsyncM3U8Downloader - ERROR - 分片96下载失败：Session is closed
2025-12-29 20:23:40,496 - AsyncM3U8Downloader - ERROR - 分片97下载失败：Session is closed
2025-12-29 20:23:40,667 - AsyncM3U8Downloader - ERROR - 分片98下载失败：Session is closed
2025-12-29 20:23:40,668 - AsyncM3U8Downloader - INFO - 第5/8批完成：成功12/20个分片
2025-12-29 20:23:40,668 - AsyncM3U8Downloader - INFO - 批次间隔，暂停8.0秒...
2025-12-29 20:23:51,852 - AsyncM3U8Downloader - ERROR - 分片105下载失败：Session is closed
2025-12-29 20:23:51,853 - AsyncM3U8Downloader - ERROR - 分片103下载失败：Session is closed
2025-12-29 20:23:51,867 - AsyncM3U8Downloader - ERROR - 分片101下载失败：Session is closed
2025-12-29 20:23:51,898 - AsyncM3U8Downloader - ERROR - 分片100下载失败：Session is closed
2025-12-29 20:23:51,903 - AsyncM3U8Downloader - ERROR - 分片102下载失败：Session is closed
2025-12-29 20:23:51,903 - AsyncM3U8Downloader - ERROR - 分片107下载失败：Session is closed
2025-12-29 20:23:52,674 - AsyncM3U8Downloader - ERROR - 分片110下载失败：Session is closed
2025-12-29 20:23:54,719 - AsyncM3U8Downloader - ERROR - 分片119下载失败：Session is closed
2025-12-29 20:23:54,719 - AsyncM3U8Downloader - INFO - 第6/8批完成：成功12/20个分片
2025-12-29 20:23:54,719 - AsyncM3U8Downloader - INFO - 批次间隔，暂停8.0秒...
2025-12-29 20:24:05,968 - AsyncM3U8Downloader - ERROR - 分片127下载失败：Session is closed
2025-12-29 20:24:05,968 - AsyncM3U8Downloader - ERROR - 分片124下载失败：Session is closed
2025-12-29 20:24:06,730 - AsyncM3U8Downloader - ERROR - 分片131下载失败：Session is closed
2025-12-29 20:24:06,731 - AsyncM3U8Downloader - ERROR - 分片130下载失败：Session is closed
2025-12-29 20:24:07,583 - AsyncM3U8Downloader - ERROR - 分片139下载失败：Session is closed
2025-12-29 20:24:07,584 - AsyncM3U8Downloader - INFO - 第7/8批完成：成功15/20个分片
2025-12-29 20:24:07,584 - AsyncM3U8Downloader - INFO - 批次间隔，暂停8.0秒...
2025-12-29 20:24:16,421 - AsyncM3U8Downloader - INFO - 第8/8批完成：成功1/1个分片
2025-12-29 20:24:16,421 - AsyncM3U8Downloader - INFO - 异步下载完成：总计成功99/141个分片
2025-12-29 20:24:16,422 - AsyncM3U8Downloader - INFO - 开始合并99个分片到：E:\python\code\大爬虫\Step brother cumshot on my wet pussy close up 4K - pinkloving.mp4
2025-12-29 20:24:16,657 - AsyncM3U8Downloader - INFO - 合并完成：文件大小78.52MB
2025-12-29 20:24:16,657 - AsyncM3U8Downloader - INFO - 下载完成：耗时93.86秒，路径：E:\python\code\大爬虫\Step brother cumshot on my wet pussy close up 4K - pinkloving.mp4
2025-12-29 20:34:09,260 - AsyncM3U8Downloader - WARNING - 配置文件async_download_config.json不存在，使用默认配置
2025-12-29 20:35:03,304 - AsyncM3U8Downloader - INFO - 异步下载启动：https://kv-h-ph.ypncdn.com/hls/videos/202312/18/444978311/720P_4000K_444978311.mp4/index-v1-a1.m3u8?hdnea=st=1767011671~exp=1767015271~hdl=-1~hmac=3515784508b0035ad70a1c1a5b488410b6b07c6d，标题：Stepsister Gave To Rub Against Her Pussy And Then Fuck
2025-12-29 20:35:04,042 - AsyncM3U8Downloader - INFO - M3U8解析完成：共170个分片
2025-12-29 20:35:04,042 - AsyncM3U8Downloader - INFO - 异步下载开始：共9批，每批20分片，并发10
2025-12-29 20:35:07,570 - AsyncM3U8Downloader - ERROR - 分片6下载失败：Cannot connect to host kv-h-ph.ypncdn.com:443 ssl:default [None]
2025-12-29 20:35:08,054 - AsyncM3U8Downloader - INFO - 第1/9批完成：成功19/20个分片
2025-12-29 20:35:08,055 - AsyncM3U8Downloader - INFO - 批次间隔，暂停8.0秒...
2025-12-29 20:35:19,618 - AsyncM3U8Downloader - ERROR - 分片28下载失败：Cannot connect to host kv-h-ph.ypncdn.com:443 ssl:default [None]
2025-12-29 20:35:29,509 - AsyncM3U8Downloader - INFO - 第2/9批完成：成功19/20个分片
2025-12-29 20:35:29,509 - AsyncM3U8Downloader - INFO - 批次间隔，暂停8.0秒...
2025-12-29 20:35:40,992 - AsyncM3U8Downloader - ERROR - 分片44下载失败：Cannot connect to host kv-h-ph.ypncdn.com:443 ssl:default [None]
2025-12-29 20:35:40,995 - AsyncM3U8Downloader - ERROR - 分片45下载失败：Cannot connect to host kv-h-ph.ypncdn.com:443 ssl:default [None]
2025-12-29 20:35:41,826 - AsyncM3U8Downloader - ERROR - 分片52下载失败：Cannot connect to host kv-h-ph.ypncdn.com:443 ssl:default [None]
2025-12-29 20:35:41,959 - AsyncM3U8Downloader - ERROR - 分片57下载失败：Cannot connect to host kv-h-ph.ypncdn.com:443 ssl:default [None]
2025-12-29 20:35:42,406 - AsyncM3U8Downloader - INFO - 第3/9批完成：成功16/20个分片
2025-12-29 20:35:42,407 - AsyncM3U8Downloader - INFO - 批次间隔，暂停8.0秒...
2025-12-29 20:35:53,908 - AsyncM3U8Downloader - ERROR - 分片61下载失败：Cannot connect to host kv-h-ph.ypncdn.com:443 ssl:default [None]
2025-12-29 20:35:56,484 - AsyncM3U8Downloader - ERROR - 分片78下载失败：Cannot connect to host kv-h-ph.ypncdn.com:443 ssl:default [None]
2025-12-29 20:35:56,637 - AsyncM3U8Downloader - INFO - 第4/9批完成：成功18/20个分片
2025-12-29 20:35:56,637 - AsyncM3U8Downloader - INFO - 批次间隔，暂停8.0秒...
2025-12-29 20:36:09,254 - AsyncM3U8Downloader - INFO - 第5/9批完成：成功20/20个分片
2025-12-29 20:36:09,254 - AsyncM3U8Downloader - INFO - 批次间隔，暂停8.0秒...
2025-12-29 20:36:20,667 - AsyncM3U8Downloader - INFO - 第6/9批完成：成功20/20个分片
2025-12-29 20:36:20,667 - AsyncM3U8Downloader - INFO - 批次间隔，暂停8.0秒...
2025-12-29 20:36:32,053 - AsyncM3U8Downloader - INFO - 第7/9批完成：成功20/20个分片
2025-12-29 20:36:32,054 - AsyncM3U8Downloader - INFO - 批次间隔，暂停8.0秒...
2025-12-29 20:36:49,370 - AsyncM3U8Downloader - INFO - 第8/9批完成：成功20/20个分片
2025-12-29 20:36:49,371 - AsyncM3U8Downloader - INFO - 批次间隔，暂停8.0秒...
2025-12-29 20:36:58,826 - AsyncM3U8Downloader - INFO - 第9/9批完成：成功10/10个分片
2025-12-29 20:36:58,826 - AsyncM3U8Downloader - INFO - 异步下载完成：总计成功162/170个分片
2025-12-29 20:36:58,827 - AsyncM3U8Downloader - INFO - 开始合并162个分片到：E:\python\code\大爬虫\Stepsister Gave To Rub Against Her Pussy And Then Fuck.mp4
2025-12-29 20:36:59,479 - AsyncM3U8Downloader - INFO - 合并完成：文件大小90.70MB
2025-12-29 20:36:59,479 - AsyncM3U8Downloader - INFO - 下载完成：耗时116.18秒，路径：E:\python\code\大爬虫\Stepsister Gave To Rub Against Her Pussy And Then Fuck.mp4
2025-12-29 20:58:37,751 - AsyncM3U8Downloader - WARNING - 配置文件async_download_config.json不存在，使用默认配置
2025-12-29 20:58:54,755 - AsyncM3U8Downloader - INFO - 异步下载启动：https://kv-h-ph.ypncdn.com/hls/videos/202312/18/444978311/720P_4000K_444978311.mp4/index-v1-a1.m3u8?hdnea=st=1767011671~exp=1767015271~hdl=-1~hmac=3515784508b0035ad70a1c1a5b488410b6b07c6d，标题：Stepsister Gave To Rub Against Her Pussy And Then Fuck
2025-12-29 20:58:54,756 - AsyncM3U8Downloader - INFO - 断点续传：已下载162个分片
2025-12-29 20:58:54,977 - AsyncM3U8Downloader - ERROR - 下载失败：解析失败：Cannot connect to host kv-h-ph.ypncdn.com:443 ssl:default [None]
Traceback (most recent call last):
  File "E:\python\code\.venv\Lib\site-packages\aiohttp\connector.py", line 1432, in _start_tls_connection
    tls_transport = await self._loop.start_tls(
                    ^^^^^^^^^^^^^^^^^^^^^^^^^^^
    ...<5 lines>...
    )
    ^
  File "C:\Users\zige\AppData\Local\Programs\Python\Python313\Lib\asyncio\base_events.py", line 1348, in start_tls
    await waiter
  File "C:\Users\zige\AppData\Local\Programs\Python\Python313\Lib\asyncio\sslproto.py", line 581, in _on_handshake_complete
    raise handshake_exc
ConnectionResetError

The above exception was the direct cause of the following exception:

Traceback (most recent call last):
  File "E:\python\code\大爬虫\p站视频爬取10.py", line 167, in _parse_m3u8
    async with session.get(m3u8_url, headers=headers, proxy=proxies) as resp:
               ~~~~~~~~~~~^^^^^^^^^^^^^^^^^^^^^^^^^^^^^^^^^^^^^^^^^^
  File "E:\python\code\.venv\Lib\site-packages\aiohttp\client.py", line 1510, in __aenter__
    self._resp: _RetType = await self._coro
                           ^^^^^^^^^^^^^^^^
  File "E:\python\code\.venv\Lib\site-packages\aiohttp\client.py", line 779, in _request
    resp = await handler(req)
           ^^^^^^^^^^^^^^^^^^
  File "E:\python\code\.venv\Lib\site-packages\aiohttp\client.py", line 734, in _connect_and_send_request
    conn = await self._connector.connect(
           ^^^^^^^^^^^^^^^^^^^^^^^^^^^^^^
        req, traces=traces, timeout=real_timeout
        ^^^^^^^^^^^^^^^^^^^^^^^^^^^^^^^^^^^^^^^^
    )
    ^
  File "E:\python\code\.venv\Lib\site-packages\aiohttp\connector.py", line 642, in connect
    proto = await self._create_connection(req, traces, timeout)
            ^^^^^^^^^^^^^^^^^^^^^^^^^^^^^^^^^^^^^^^^^^^^^^^^^^^
  File "E:\python\code\.venv\Lib\site-packages\aiohttp\connector.py", line 1207, in _create_connection
    _, proto = await self._create_proxy_connection(req, traces, timeout)
               ^^^^^^^^^^^^^^^^^^^^^^^^^^^^^^^^^^^^^^^^^^^^^^^^^^^^^^^^^
  File "E:\python\code\.venv\Lib\site-packages\aiohttp\connector.py", line 1697, in _create_proxy_connection
    return await self._start_tls_connection(
           ^^^^^^^^^^^^^^^^^^^^^^^^^^^^^^^^^
    ...<5 lines>...
    )
    ^
  File "E:\python\code\.venv\Lib\site-packages\aiohttp\connector.py", line 1465, in _start_tls_connection
    raise client_error(req.connection_key, exc) from exc
aiohttp.client_exceptions.ClientConnectorError: Cannot connect to host kv-h-ph.ypncdn.com:443 ssl:default [None]

During handling of the above exception, another exception occurred:

Traceback (most recent call last):
  File "E:\python\code\大爬虫\p站视频爬取10.py", line 352, in download
    ts_list = await self._parse_m3u8(m3u8_url, proxies)
              ^^^^^^^^^^^^^^^^^^^^^^^^^^^^^^^^^^^^^^^^^
  File "E:\python\code\大爬虫\p站视频爬取10.py", line 194, in _parse_m3u8
    raise M3U8ParseError(f"解析失败：{str(e)[:100]}")
M3U8ParseError: 解析失败：Cannot connect to host kv-h-ph.ypncdn.com:443 ssl:default [None]
2025-12-29 20:59:00,329 - AsyncM3U8Downloader - WARNING - 配置文件async_download_config.json不存在，使用默认配置
2025-12-29 21:01:54,442 - AsyncM3U8Downloader - INFO - 异步下载启动：https://ev-h-ph.ypncdn.com/hls/videos/202312/18/444978311/720P_4000K_444978311.mp4/index-v1-a1.m3u8?validfrom=1767009681&validto=1767016881&hdl=-1&hash=W%2Frp%2BfoDLAMMCnOrl2geDott8OA%3D，标题：Stepsister Gave To Rub Against Her Pussy And Then Fuck
2025-12-29 21:01:54,443 - AsyncM3U8Downloader - INFO - 断点续传：已下载162个分片
2025-12-29 21:01:55,622 - AsyncM3U8Downloader - INFO - M3U8解析完成：共170个分片
2025-12-29 21:01:55,622 - AsyncM3U8Downloader - INFO - 异步下载开始：共9批，每批20分片，并发10
2025-12-29 21:01:56,505 - AsyncM3U8Downloader - INFO - 第1/9批完成：成功1/1个分片
2025-12-29 21:01:56,506 - AsyncM3U8Downloader - INFO - 批次间隔，暂停8.0秒...
2025-12-29 21:02:05,665 - AsyncM3U8Downloader - INFO - 第2/9批完成：成功1/1个分片
2025-12-29 21:02:05,665 - AsyncM3U8Downloader - INFO - 批次间隔，暂停8.0秒...
2025-12-29 21:02:18,228 - AsyncM3U8Downloader - INFO - 第3/9批完成：成功4/4个分片
2025-12-29 21:02:18,229 - AsyncM3U8Downloader - INFO - 批次间隔，暂停8.0秒...
2025-12-29 21:02:27,661 - AsyncM3U8Downloader - INFO - 第4/9批完成：成功2/2个分片
2025-12-29 21:02:27,661 - AsyncM3U8Downloader - INFO - 批次间隔，暂停8.0秒...
2025-12-29 21:02:35,677 - AsyncM3U8Downloader - INFO - 第5批：无需要下载的分片
2025-12-29 21:02:35,677 - AsyncM3U8Downloader - INFO - 第6批：无需要下载的分片
2025-12-29 21:02:35,677 - AsyncM3U8Downloader - INFO - 第7批：无需要下载的分片
2025-12-29 21:02:35,678 - AsyncM3U8Downloader - INFO - 第8批：无需要下载的分片
2025-12-29 21:02:35,678 - AsyncM3U8Downloader - INFO - 第9批：无需要下载的分片
2025-12-29 21:02:35,678 - AsyncM3U8Downloader - INFO - 异步下载完成：总计成功8/170个分片
2025-12-29 21:02:35,681 - AsyncM3U8Downloader - INFO - 开始合并170个分片到：E:\python\code\大爬虫\Stepsister Gave To Rub Against Her Pussy And Then Fuck.mp4
2025-12-29 21:02:37,523 - AsyncM3U8Downloader - INFO - 合并完成：文件大小95.01MB
2025-12-29 21:02:37,523 - AsyncM3U8Downloader - INFO - 下载完成：耗时43.08秒，路径：E:\python\code\大爬虫\Stepsister Gave To Rub Against Her Pussy And Then Fuck.mp4
2025-12-29 21:03:54,863 - AsyncM3U8Downloader - WARNING - 配置文件async_download_config.json不存在，使用默认配置
2025-12-29 21:04:28,133 - AsyncM3U8Downloader - INFO - 异步下载启动：https://ev-h-ph.ypncdn.com/hls/videos/202312/18/444978311/720P_4000K_444978311.mp4/index-v1-a1.m3u8?validfrom=1767009681&validto=1767016881&hdl=-1&hash=W%2Frp%2BfoDLAMMCnOrl2geDott8OA%3D，标题：Stepsister Gave To Rub Against Her Pussy And Then Fuck
2025-12-29 21:04:28,135 - AsyncM3U8Downloader - INFO - 断点续传：已下载170个分片
2025-12-29 21:04:29,346 - AsyncM3U8Downloader - INFO - M3U8解析完成：共170个分片
2025-12-29 21:04:29,346 - AsyncM3U8Downloader - INFO - 异步下载开始：共9批，每批20分片，并发10
2025-12-29 21:04:29,347 - AsyncM3U8Downloader - INFO - 第1批：无需要下载的分片
2025-12-29 21:04:29,347 - AsyncM3U8Downloader - INFO - 第2批：无需要下载的分片
2025-12-29 21:04:29,347 - AsyncM3U8Downloader - INFO - 第3批：无需要下载的分片
2025-12-29 21:04:29,347 - AsyncM3U8Downloader - INFO - 第4批：无需要下载的分片
2025-12-29 21:04:29,347 - AsyncM3U8Downloader - INFO - 第5批：无需要下载的分片
2025-12-29 21:04:29,347 - AsyncM3U8Downloader - INFO - 第6批：无需要下载的分片
2025-12-29 21:04:29,347 - AsyncM3U8Downloader - INFO - 第7批：无需要下载的分片
2025-12-29 21:04:29,347 - AsyncM3U8Downloader - INFO - 第8批：无需要下载的分片
2025-12-29 21:04:29,347 - AsyncM3U8Downloader - INFO - 第9批：无需要下载的分片
2025-12-29 21:04:29,347 - AsyncM3U8Downloader - INFO - 异步下载完成：总计成功0/170个分片
2025-12-29 21:04:29,348 - AsyncM3U8Downloader - INFO - 开始合并170个分片到：E:\python\code\大爬虫\Stepsister Gave To Rub Against Her Pussy And Then Fuck.mp4
2025-12-29 21:04:29,774 - AsyncM3U8Downloader - INFO - 合并完成：文件大小95.01MB
2025-12-29 21:04:29,774 - AsyncM3U8Downloader - INFO - 下载完成：耗时1.64秒，路径：E:\python\code\大爬虫\Stepsister Gave To Rub Against Her Pussy And Then Fuck.mp4
2025-12-29 21:06:32,699 - AsyncM3U8Downloader - WARNING - 配置文件async_download_config.json不存在，使用默认配置
2025-12-29 21:06:46,906 - AsyncM3U8Downloader - INFO - 异步下载启动：https://ev-h-ph.ypncdn.com/hls/videos/202410/17/459278441/720P_4000K_459278441.mp4/index-v1-a1.m3u8?validfrom=1767009968&validto=1767017168&hdl=-1&hash=JX%2BNCGMbFELhYYCR%2B%2Bom4KZ3k10%3D，标题：Fuck best friend After Rubbing His Cock on My Tight Creamy Pussy
2025-12-29 21:06:48,142 - AsyncM3U8Downloader - INFO - M3U8解析完成：共170个分片
2025-12-29 21:06:48,142 - AsyncM3U8Downloader - INFO - 异步下载开始：共9批，每批20分片，并发10
2025-12-29 21:07:10,628 - AsyncM3U8Downloader - INFO - 第1/9批完成：成功20/20个分片
2025-12-29 21:07:10,628 - AsyncM3U8Downloader - INFO - 批次间隔，暂停8.0秒...
2025-12-29 21:07:31,616 - AsyncM3U8Downloader - INFO - 第2/9批完成：成功20/20个分片
2025-12-29 21:07:31,616 - AsyncM3U8Downloader - INFO - 批次间隔，暂停8.0秒...
2025-12-29 21:07:55,484 - AsyncM3U8Downloader - INFO - 第3/9批完成：成功20/20个分片
2025-12-29 21:07:55,485 - AsyncM3U8Downloader - INFO - 批次间隔，暂停8.0秒...
2025-12-29 21:08:31,633 - AsyncM3U8Downloader - INFO - 第4/9批完成：成功20/20个分片
2025-12-29 21:08:31,633 - AsyncM3U8Downloader - INFO - 批次间隔，暂停8.0秒...
2025-12-29 21:09:00,300 - AsyncM3U8Downloader - INFO - 第5/9批完成：成功20/20个分片
2025-12-29 21:09:00,300 - AsyncM3U8Downloader - INFO - 批次间隔，暂停8.0秒...
2025-12-29 21:09:28,158 - AsyncM3U8Downloader - INFO - 第6/9批完成：成功20/20个分片
2025-12-29 21:09:28,158 - AsyncM3U8Downloader - INFO - 批次间隔，暂停8.0秒...
2025-12-29 21:09:47,981 - AsyncM3U8Downloader - INFO - 第7/9批完成：成功20/20个分片
2025-12-29 21:09:47,982 - AsyncM3U8Downloader - INFO - 批次间隔，暂停8.0秒...
2025-12-29 21:10:12,254 - AsyncM3U8Downloader - INFO - 第8/9批完成：成功20/20个分片
2025-12-29 21:10:12,254 - AsyncM3U8Downloader - INFO - 批次间隔，暂停8.0秒...
2025-12-29 21:10:26,004 - AsyncM3U8Downloader - INFO - 第9/9批完成：成功10/10个分片
2025-12-29 21:10:26,005 - AsyncM3U8Downloader - INFO - 异步下载完成：总计成功170/170个分片
2025-12-29 21:10:26,005 - AsyncM3U8Downloader - INFO - 开始合并170个分片到：E:\python\code\大爬虫\Fuck best friend After Rubbing His Cock on My Tight Creamy Pussy.mp4
2025-12-29 21:10:26,823 - AsyncM3U8Downloader - INFO - 合并完成：文件大小198.70MB
2025-12-29 21:10:26,823 - AsyncM3U8Downloader - INFO - 下载完成：耗时219.92秒，路径：E:\python\code\大爬虫\Fuck best friend After Rubbing His Cock on My Tight Creamy Pussy.mp4
2025-12-29 22:41:17,816 - AsyncM3U8Downloader - WARNING - 配置文件async_download_config.json不存在，使用默认配置
2025-12-29 22:41:45,991 - AsyncM3U8Downloader - INFO - 异步下载启动：https://ev-h-ph.ypncdn.com/hls/videos/202206/01/409120551/221002_1934_720P_4000K_409120551.mp4/index-v1-a1.m3u8?validfrom=1767015661&validto=1767022861&hdl=-1&hash=VsfcGp60pSYg7kkAxnbNh17zlSY%3D，标题：doggystyle in the open air Beautiful woman's big tits bouncing Japanese Amateur Hentai Sex
2025-12-29 22:41:45,993 - AsyncM3U8Downloader - INFO - 断点续传：已下载271个分片
2025-12-29 22:41:47,502 - AsyncM3U8Downloader - INFO - M3U8解析完成：共306个分片
2025-12-29 22:41:47,502 - AsyncM3U8Downloader - INFO - 异步下载开始：共16批，每批20分片，并发10
2025-12-29 22:42:07,677 - AsyncM3U8Downloader - INFO - 第1/16批完成：成功8/8个分片
2025-12-29 22:42:07,677 - AsyncM3U8Downloader - INFO - 批次间隔，暂停8.0秒...
2025-12-29 22:42:17,770 - AsyncM3U8Downloader - INFO - 第2/16批完成：成功5/5个分片
2025-12-29 22:42:17,771 - AsyncM3U8Downloader - INFO - 批次间隔，暂停8.0秒...
2025-12-29 22:42:26,881 - AsyncM3U8Downloader - INFO - 第3/16批完成：成功1/1个分片
2025-12-29 22:42:26,881 - AsyncM3U8Downloader - INFO - 批次间隔，暂停8.0秒...
2025-12-29 22:42:36,663 - AsyncM3U8Downloader - INFO - 第4/16批完成：成功3/3个分片
2025-12-29 22:42:36,663 - AsyncM3U8Downloader - INFO - 批次间隔，暂停8.0秒...
2025-12-29 22:42:47,706 - AsyncM3U8Downloader - INFO - 第5/16批完成：成功3/3个分片
2025-12-29 22:42:47,706 - AsyncM3U8Downloader - INFO - 批次间隔，暂停8.0秒...
2025-12-29 22:42:59,744 - AsyncM3U8Downloader - INFO - 第6/16批完成：成功3/3个分片
2025-12-29 22:42:59,744 - AsyncM3U8Downloader - INFO - 批次间隔，暂停8.0秒...
2025-12-29 22:43:09,227 - AsyncM3U8Downloader - INFO - 第7/16批完成：成功2/2个分片
2025-12-29 22:43:09,263 - AsyncM3U8Downloader - INFO - 批次间隔，暂停8.0秒...
2025-12-29 22:43:19,250 - AsyncM3U8Downloader - INFO - 第8/16批完成：成功1/1个分片
2025-12-29 22:43:19,251 - AsyncM3U8Downloader - INFO - 批次间隔，暂停8.0秒...
2025-12-29 22:43:28,567 - AsyncM3U8Downloader - INFO - 第9/16批完成：成功1/1个分片
2025-12-29 22:43:28,567 - AsyncM3U8Downloader - INFO - 批次间隔，暂停8.0秒...
2025-12-29 22:43:36,573 - AsyncM3U8Downloader - INFO - 第10批：无需要下载的分片
2025-12-29 22:43:38,655 - AsyncM3U8Downloader - INFO - 第11/16批完成：成功3/3个分片
2025-12-29 22:43:38,655 - AsyncM3U8Downloader - INFO - 批次间隔，暂停8.0秒...
2025-12-29 22:43:48,020 - AsyncM3U8Downloader - INFO - 第12/16批完成：成功2/2个分片
2025-12-29 22:43:48,021 - AsyncM3U8Downloader - INFO - 批次间隔，暂停8.0秒...
2025-12-29 22:43:56,022 - AsyncM3U8Downloader - INFO - 第13批：无需要下载的分片
2025-12-29 22:43:57,815 - AsyncM3U8Downloader - INFO - 第14/16批完成：成功2/2个分片
2025-12-29 22:43:57,815 - AsyncM3U8Downloader - INFO - 批次间隔，暂停8.0秒...
2025-12-29 22:44:07,607 - AsyncM3U8Downloader - INFO - 第15/16批完成：成功1/1个分片
2025-12-29 22:44:07,607 - AsyncM3U8Downloader - INFO - 批次间隔，暂停8.0秒...
2025-12-29 22:44:15,611 - AsyncM3U8Downloader - INFO - 第16批：无需要下载的分片
2025-12-29 22:44:15,612 - AsyncM3U8Downloader - INFO - 异步下载完成：总计成功35/306个分片
2025-12-29 22:44:15,612 - AsyncM3U8Downloader - INFO - 开始合并306个分片到：E:\python\code\大爬虫\doggystyle in the open air Beautiful woman's big tits bouncing Japanese Amateur Hentai Sex.mp4
2025-12-29 22:44:16,420 - AsyncM3U8Downloader - INFO - 合并完成：文件大小383.90MB
2025-12-29 22:44:16,420 - AsyncM3U8Downloader - INFO - 下载完成：耗时150.43秒，路径：E:\python\code\大爬虫\doggystyle in the open air Beautiful woman's big tits bouncing Japanese Amateur Hentai Sex.mp4
