2025-12-29 19:21:48,593 - M3U8Downloader - WARNING - 配置文件download_config.json不存在，使用默认配置
2025-12-29 19:23:08,085 - M3U8Downloader - INFO - 开始下载M3U8视频：https://ev-h-ph.ypncdn.com/hls/videos/202205/31/409094401/720P_4000K_409094401.mp4/index-v1-a1.m3u8?validfrom=1767003731&validto=1767010931&hdl=-1&hash=aXPdsLkHSD4MP%2F1l3ayVPOhT1uY%3D，标题：E-cup beauty gets creampied while standing in the bathroom
2025-12-29 19:23:10,058 - M3U8Downloader - INFO - M3U8解析完成：共154个分片
2025-12-29 19:23:10,058 - M3U8Downloader - INFO - 开始分批次下载：共16批，每批10个分片，并发3
2025-12-29 19:23:24,400 - M3U8Downloader - INFO - 第1/16批完成：成功10/10个分片
2025-12-29 19:23:24,438 - M3U8Downloader - INFO - 批次间隔，暂停15.0秒...
2025-12-29 19:24:23,292 - M3U8Downloader - INFO - 第2/16批完成：成功10/10个分片
2025-12-29 19:24:23,292 - M3U8Downloader - INFO - 批次间隔，暂停15.0秒...
2025-12-29 19:24:50,933 - M3U8Downloader - INFO - 第3/16批完成：成功10/10个分片
2025-12-29 19:24:50,934 - M3U8Downloader - INFO - 批次间隔，暂停15.0秒...
2025-12-29 19:25:06,895 - urllib3.connectionpool - WARNING - Retrying (Retry(total=1, connect=None, read=None, redirect=None, status=None)) after connection broken by 'RemoteDisconnected('Remote end closed connection without response')': /hls/videos/202205/31/409094401/720P_4000K_409094401.mp4/seg-33-v1-a1.ts?validfrom=1767003731&validto=1767010931&hdl=-1&hash=aXPdsLkHSD4MP%2F1l3ayVPOhT1uY%3D
2025-12-29 19:25:13,304 - M3U8Downloader - INFO - 第4/16批完成：成功10/10个分片
2025-12-29 19:25:13,304 - M3U8Downloader - INFO - 批次间隔，暂停15.0秒...
2025-12-29 19:25:38,262 - M3U8Downloader - INFO - 第5/16批完成：成功10/10个分片
2025-12-29 19:25:38,263 - M3U8Downloader - INFO - 批次间隔，暂停15.0秒...
2025-12-29 19:26:08,374 - M3U8Downloader - INFO - 第6/16批完成：成功10/10个分片
2025-12-29 19:26:08,375 - M3U8Downloader - INFO - 批次间隔，暂停15.0秒...
2025-12-29 19:26:27,337 - urllib3.connectionpool - WARNING - Retrying (Retry(total=1, connect=None, read=None, redirect=None, status=None)) after connection broken by 'RemoteDisconnected('Remote end closed connection without response')': /hls/videos/202205/31/409094401/720P_4000K_409094401.mp4/seg-63-v1-a1.ts?validfrom=1767003731&validto=1767010931&hdl=-1&hash=aXPdsLkHSD4MP%2F1l3ayVPOhT1uY%3D
2025-12-29 19:26:27,360 - urllib3.connectionpool - WARNING - Retrying (Retry(total=1, connect=None, read=None, redirect=None, status=None)) after connection broken by 'RemoteDisconnected('Remote end closed connection without response')': /hls/videos/202205/31/409094401/720P_4000K_409094401.mp4/seg-61-v1-a1.ts?validfrom=1767003731&validto=1767010931&hdl=-1&hash=aXPdsLkHSD4MP%2F1l3ayVPOhT1uY%3D
2025-12-29 19:27:17,333 - M3U8Downloader - INFO - 第7/16批完成：成功10/10个分片
2025-12-29 19:27:17,333 - M3U8Downloader - INFO - 批次间隔，暂停15.0秒...
2025-12-29 19:27:47,378 - M3U8Downloader - INFO - 第8/16批完成：成功10/10个分片
2025-12-29 19:27:47,378 - M3U8Downloader - INFO - 批次间隔，暂停15.0秒...
2025-12-29 19:28:51,477 - M3U8Downloader - INFO - 第9/16批完成：成功10/10个分片
2025-12-29 19:28:51,478 - M3U8Downloader - INFO - 批次间隔，暂停15.0秒...
2025-12-29 19:29:19,122 - M3U8Downloader - INFO - 第10/16批完成：成功10/10个分片
2025-12-29 19:29:19,122 - M3U8Downloader - INFO - 批次间隔，暂停15.0秒...
2025-12-29 19:29:50,783 - M3U8Downloader - INFO - 第11/16批完成：成功10/10个分片
2025-12-29 19:29:50,784 - M3U8Downloader - INFO - 批次间隔，暂停15.0秒...
2025-12-29 19:30:17,942 - M3U8Downloader - INFO - 第12/16批完成：成功10/10个分片
2025-12-29 19:30:17,942 - M3U8Downloader - INFO - 批次间隔，暂停15.0秒...
2025-12-29 19:30:36,881 - M3U8Downloader - INFO - 第13/16批完成：成功10/10个分片
2025-12-29 19:30:36,881 - M3U8Downloader - INFO - 批次间隔，暂停15.0秒...
2025-12-29 19:30:55,626 - M3U8Downloader - INFO - 第14/16批完成：成功10/10个分片
2025-12-29 19:30:55,626 - M3U8Downloader - INFO - 批次间隔，暂停15.0秒...
2025-12-29 19:31:13,940 - M3U8Downloader - INFO - 第15/16批完成：成功10/10个分片
2025-12-29 19:31:13,941 - M3U8Downloader - INFO - 批次间隔，暂停15.0秒...
2025-12-29 19:31:30,801 - M3U8Downloader - INFO - 第16/16批完成：成功4/4个分片
2025-12-29 19:31:30,801 - M3U8Downloader - INFO - 下载完成：总计成功154/154个分片
2025-12-29 19:31:30,802 - M3U8Downloader - INFO - 开始合并154个分片到：E:\python\code\大爬虫\E-cup beauty gets creampied while standing in the bathroom.mp4
2025-12-29 19:31:30,949 - M3U8Downloader - INFO - 合并完成：文件大小72.72MB
2025-12-29 19:31:30,949 - M3U8Downloader - INFO - 下载完成：耗时502.86秒，文件路径：E:\python\code\大爬虫\E-cup beauty gets creampied while standing in the bathroom.mp4
